<?xml version="1.0" encoding="UTF-8"?>
<testsuite xmlns:xsi="http://www.w3.org/2001/XMLSchema-instance" xsi:noNamespaceSchemaLocation="https://maven.apache.org/surefire/maven-surefire-plugin/xsd/surefire-test-report-3.0.xsd" version="3.0" name="TestSuite" time="40.63" tests="7" errors="0" skipped="0" failures="0">
  <properties>
[...]
</properties>
  <testcase name="runScenario[&quot;User should be able to login&quot;, &quot;Login Feature&quot;](1)" classname="com.orangehrmlive.demo.opensource.runners.RunnerTest" time="5.037">
    <system-out><![CDATA[
Scenario: User should be able to login      &amp#27;[90m# src/test/resources/features/login.feature:2&amp#27;[0m
  &amp#27;[32mGiven &amp#27;[0m&amp#27;[32mUser is at the login page&amp#27;[0m           &amp#27;[90m# com.orangehrmlive.demo.opensource.steps.LoginSteps.userIsAtTheLoginPage()&amp#27;[0m
  &amp#27;[32mWhen &amp#27;[0m&amp#27;[32mUser fill the credentials, and login&amp#27;[0m &amp#27;[90m# com.orangehrmlive.demo.opensource.steps.LoginSteps.userFillTheCredentialsAndLogin()&amp#27;[0m
  &amp#27;[32mThen &amp#27;[0m&amp#27;[32mHome Page should be displayed&amp#27;[0m        &amp#27;[90m# com.orangehrmlive.demo.opensource.steps.LoginSteps.homePageShouldBeDisplayed()&amp#27;[0m
&amp#27;[42m&amp#27;[30mUser should be able to login Scenario Succeed&amp#27;[0m
]]></system-out>
    <system-err><![CDATA[SLF4J: Failed to load class "org.slf4j.impl.StaticLoggerBinder".
SLF4J: Defaulting to no-operation (NOP) logger implementation
SLF4J: See http://www.slf4j.org/codes.html#StaticLoggerBinder for further details.
Aug 28, 2024 7:15:51 PM org.openqa.selenium.devtools.CdpVersionFinder findNearestMatch
WARNING: Unable to find an exact match for CDP version 128, returning the closest version; found: 127; Please update to a Selenium version that supports CDP version 128
]]></system-err>
  </testcase>
  <testcase name="runScenario[&quot;Admin should be able to navigate to Recruitment Page&quot;, &quot;Recruitment Feature&quot;](2)" classname="com.orangehrmlive.demo.opensource.runners.RunnerTest" time="2.374">
    <system-out><![CDATA[
@requiresLogin
Scenario: Admin should be able to navigate to Recruitment Page &amp#27;[90m# src/test/resources/features/recruitment.feature:4&amp#27;[0m
  &amp#27;[32mGiven &amp#27;[0m&amp#27;[32mAdmin is at the home page&amp#27;[0m                              &amp#27;[90m# com.orangehrmlive.demo.opensource.steps.UserManagementSteps.adminIsAtTheHomePage()&amp#27;[0m
  &amp#27;[32mWhen &amp#27;[0m&amp#27;[32mAdmin click on Recruitment tab on the left side menu&amp#27;[0m    &amp#27;[90m# com.orangehrmlive.demo.opensource.steps.RecruitmentSteps.adminClickOnRecruitmentTabOnTheLeftSideMenu()&amp#27;[0m
  &amp#27;[32mThen &amp#27;[0m&amp#27;[32mRecruitment Page should be displayed&amp#27;[0m                    &amp#27;[90m# com.orangehrmlive.demo.opensource.steps.RecruitmentSteps.recruitmentPageShouldBeDisplayed()&amp#27;[0m
&amp#27;[42m&amp#27;[30mAdmin should be able to navigate to Recruitment Page Scenario Succeed&amp#27;[0m
]]></system-out>
  </testcase>
  <testcase name="runScenario[&quot;Admin should be able to add a new candidate using api, and number of candidates records should be increased by one&quot;, &quot;Recruitment Feature&quot;](3)" classname="com.orangehrmlive.demo.opensource.runners.RunnerTest" time="8.077">
    <system-out><![CDATA[
@requiresLogin
Scenario: Admin should be able to add a new candidate using api, and number of candidates records should be increased by one &amp#27;[90m# src/test/resources/features/recruitment.feature:9&amp#27;[0m
  &amp#27;[32mGiven &amp#27;[0m&amp#27;[32mAdmin is at the Recruitment page&amp#27;[0m                                                                                     &amp#27;[90m# com.orangehrmlive.demo.opensource.steps.RecruitmentSteps.adminIsAtTheRecruitmentPage()&amp#27;[0m
  &amp#27;[32mWhen &amp#27;[0m&amp#27;[32mAdmin add a new candidate using api&amp#27;[0m                                                                                   &amp#27;[90m# com.orangehrmlive.demo.opensource.steps.RecruitmentSteps.adminAddANewCandidateUsingApi()&amp#27;[0m
  &amp#27;[32mThen &amp#27;[0m&amp#27;[32mNumber of candidates records should be increased by one&amp#27;[0m                                                               &amp#27;[90m# com.orangehrmlive.demo.opensource.steps.RecruitmentSteps.numberOfCandidatesRecordsShouldBeIncreasedByOne()&amp#27;[0m
&amp#27;[42m&amp#27;[30mAdmin should be able to add a new candidate using api, and number of candidates records should be increased by one Scenario Succeed&amp#27;[0m
]]></system-out>
  </testcase>
  <testcase name="runScenario[&quot;Admin should be able to delete the new candidate using api, and number of candidates records should be decreased by one&quot;, &quot;Recruitment Feature&quot;](4)" classname="com.orangehrmlive.demo.opensource.runners.RunnerTest" time="3.612">
    <system-out><![CDATA[
@requiresLogin @requiresCandidateAdd
Scenario: Admin should be able to delete the new candidate using api, and number of candidates records should be decreased by one &amp#27;[90m# src/test/resources/features/recruitment.feature:15&amp#27;[0m
  &amp#27;[32mGiven &amp#27;[0m&amp#27;[32mAdmin is at the Recruitment page&amp#27;[0m                                                                                          &amp#27;[90m# com.orangehrmlive.demo.opensource.steps.RecruitmentSteps.adminIsAtTheRecruitmentPage()&amp#27;[0m
  &amp#27;[32mWhen &amp#27;[0m&amp#27;[32mAdmin delete the new candidate using api&amp#27;[0m                                                                                   &amp#27;[90m# com.orangehrmlive.demo.opensource.steps.RecruitmentSteps.adminDeleteTheNewCandidateUsingApi()&amp#27;[0m
  &amp#27;[32mThen &amp#27;[0m&amp#27;[32mNumber of candidates records should be decreased by one&amp#27;[0m                                                                    &amp#27;[90m# com.orangehrmlive.demo.opensource.steps.RecruitmentSteps.numberOfCandidatesRecordsShouldBeDecreasedByOne()&amp#27;[0m
&amp#27;[42m&amp#27;[30mAdmin should be able to delete the new candidate using api, and number of candidates records should be decreased by one Scenario Succeed&amp#27;[0m
]]></system-out>
  </testcase>
  <testcase name="runScenario[&quot;Admin should be able to navigate to User Management Page&quot;, &quot;User Management Feature&quot;](5)" classname="com.orangehrmlive.demo.opensource.runners.RunnerTest" time="2.622">
    <system-out><![CDATA[
@requiresLogin
Scenario: Admin should be able to navigate to User Management Page &amp#27;[90m# src/test/resources/features/usermanagement.feature:4&amp#27;[0m
  &amp#27;[32mGiven &amp#27;[0m&amp#27;[32mAdmin is at the home page&amp#27;[0m                                  &amp#27;[90m# com.orangehrmlive.demo.opensource.steps.UserManagementSteps.adminIsAtTheHomePage()&amp#27;[0m
  &amp#27;[32mWhen &amp#27;[0m&amp#27;[32mAdmin click on Admin tab on the left side menu&amp#27;[0m              &amp#27;[90m# com.orangehrmlive.demo.opensource.steps.UserManagementSteps.adminClickOnAdminTabOnTheLeftSideMenu()&amp#27;[0m
  &amp#27;[32mThen &amp#27;[0m&amp#27;[32mUser Management Page should be displayed&amp#27;[0m                    &amp#27;[90m# com.orangehrmlive.demo.opensource.steps.UserManagementSteps.userManagementPageShouldBeDisplayed()&amp#27;[0m
&amp#27;[42m&amp#27;[30mAdmin should be able to navigate to User Management Page Scenario Succeed&amp#27;[0m
]]></system-out>
  </testcase>
  <testcase name="runScenario[&quot;Admin should be able to add a new user, and number of users records should be increased by one&quot;, &quot;User Management Feature&quot;](6)" classname="com.orangehrmlive.demo.opensource.runners.RunnerTest" time="8.696">
    <system-out><![CDATA[
@requiresLogin
Scenario: Admin should be able to add a new user, and number of users records should be increased by one &amp#27;[90m# src/test/resources/features/usermanagement.feature:9&amp#27;[0m
  &amp#27;[32mGiven &amp#27;[0m&amp#27;[32mAdmin is at the user management page&amp#27;[0m                                                             &amp#27;[90m# com.orangehrmlive.demo.opensource.steps.UserManagementSteps.adminIsAtTheUserManagementPage()&amp#27;[0m
  &amp#27;[32mWhen &amp#27;[0m&amp#27;[32mAdmin Click on add button&amp#27;[0m                                                                         &amp#27;[90m# com.orangehrmlive.demo.opensource.steps.UserManagementSteps.adminClickOnAddButton()&amp#27;[0m
  &amp#27;[32mAnd &amp#27;[0m&amp#27;[32mFill new user data, and save&amp#27;[0m                                                                       &amp#27;[90m# com.orangehrmlive.demo.opensource.steps.UserManagementSteps.fillNewUserDataAndSave()&amp#27;[0m
  &amp#27;[32mThen &amp#27;[0m&amp#27;[32mNumber of users records should be increased by one&amp#27;[0m                                                &amp#27;[90m# com.orangehrmlive.demo.opensource.steps.UserManagementSteps.numberOfUsersRecordsShouldBeIncreasedByOne()&amp#27;[0m
&amp#27;[42m&amp#27;[30mAdmin should be able to add a new user, and number of users records should be increased by one Scenario Succeed&amp#27;[0m
]]></system-out>
  </testcase>
  <testcase name="runScenario[&quot;Admin should be able to delete a user, and number of users records should be decreased by one&quot;, &quot;User Management Feature&quot;](7)" classname="com.orangehrmlive.demo.opensource.runners.RunnerTest" time="4.783">
    <system-out><![CDATA[
@requiresLogin @requiresUserAdd
Scenario: Admin should be able to delete a user, and number of users records should be decreased by one &amp#27;[90m# src/test/resources/features/usermanagement.feature:16&amp#27;[0m
  &amp#27;[32mGiven &amp#27;[0m&amp#27;[32mAdmin is at the user management page&amp#27;[0m                                                            &amp#27;[90m# com.orangehrmlive.demo.opensource.steps.UserManagementSteps.adminIsAtTheUserManagementPage()&amp#27;[0m
  &amp#27;[32mWhen &amp#27;[0m&amp#27;[32mAdmin fill user data, and search&amp#27;[0m                                                                 &amp#27;[90m# com.orangehrmlive.demo.opensource.steps.UserManagementSteps.adminFillUserDataAndSearch()&amp#27;[0m
  &amp#27;[32mAnd &amp#27;[0m&amp#27;[32mClick on Delete button, and confirm&amp#27;[0m                                                               &amp#27;[90m# com.orangehrmlive.demo.opensource.steps.UserManagementSteps.clickOnDeleteButtonAndConfirm()&amp#27;[0m
  &amp#27;[32mThen &amp#27;[0m&amp#27;[32mNumber of users records should be decreased by one&amp#27;[0m                                               &amp#27;[90m# com.orangehrmlive.demo.opensource.steps.UserManagementSteps.numberOfUsersRecordsShouldBeDecreasedByOne()&amp#27;[0m
&amp#27;[42m&amp#27;[30mAdmin should be able to delete a user, and number of users records should be decreased by one Scenario Succeed&amp#27;[0m
]]></system-out>
  </testcase>
</testsuite>